0.000127
__spec__	112
FigureCanvasAgg	1016
1.183069
__spec__	112
RAM	96
FigureCanvasAgg	1016
1.183069
12.696568
RESTART
12.696642
__spec__	112
FigureCanvasAgg	1688
13.968545
__spec__	112
RAM	96
FigureCanvasAgg	1688
13.968545
18.841727
RESTART
18.841804
__spec__	112
FigureCanvasAgg	1688
19.918842
__spec__	112
RAM	96
FigureCanvasAgg	1688
19.918842
257.418195
RESTART
257.418252
__spec__	112
FigureCanvasAgg	1688
259.101191
__spec__	112
RAM	96
FigureCanvasAgg	1688
259.101191
265.405063
RESTART
265.405133
__spec__	112
FigureCanvasAgg	1688
266.540444
__spec__	112
RAM	96
FigureCanvasAgg	1688
266.540444
298.887202
RESTART
298.887262
__spec__	112
FigureCanvasAgg	1688
300.056002
__spec__	112
RAM	96
FigureCanvasAgg	1688
300.056002
302.116261
RESTART
302.116324
__spec__	112
FigureCanvasAgg	1688
303.334320
__spec__	112
RAM	96
FigureCanvasAgg	1688
303.334320
308.626130
RESTART
308.626188
__spec__	112
FigureCanvasAgg	1688
313.168116
__spec__	112
RAM	96
FigureCanvasAgg	1688
313.168116
403.225664
RESTART
403.225728
__spec__	112
FigureCanvasAgg	1688
404.324220
__spec__	112
RAM	96
FigureCanvasAgg	1688
